This is pdfTeX, Version 3.14159265-2.6-1.40.15 (TeX Live 2014) (preloaded format=pdflatex 2015.1.21)  8 MAR 2015 11:26
entering extended mode
 restricted \write18 enabled.
 %&-line parsing enabled.
**paperEUSIPCO.tex
(./paperEUSIPCO.tex
LaTeX2e <2014/05/01>
Babel <3.9l> and hyphenation patterns for 79 languages loaded.
(/usr/local/texlive/2014/texmf-dist/tex/latex/base/article.cls
Document Class: article 2014/09/29 v1.4h Standard LaTeX document class
(/usr/local/texlive/2014/texmf-dist/tex/latex/base/size10.clo
File: size10.clo 2014/09/29 v1.4h Standard LaTeX file (size option)
)
\c@part=\count79
\c@section=\count80
\c@subsection=\count81
\c@subsubsection=\count82
\c@paragraph=\count83
\c@subparagraph=\count84
\c@figure=\count85
\c@table=\count86
\abovecaptionskip=\skip41
\belowcaptionskip=\skip42
\bibindent=\dimen102
) (./spconf.sty)
(/usr/local/texlive/2014/texmf-dist/tex/latex/amsmath/amsmath.sty
Package: amsmath 2013/01/14 v2.14 AMS math features
\@mathmargin=\skip43

For additional information on amsmath, use the `?' option.
(/usr/local/texlive/2014/texmf-dist/tex/latex/amsmath/amstext.sty
Package: amstext 2000/06/29 v2.01

(/usr/local/texlive/2014/texmf-dist/tex/latex/amsmath/amsgen.sty
File: amsgen.sty 1999/11/30 v2.0
\@emptytoks=\toks14
\ex@=\dimen103
))
(/usr/local/texlive/2014/texmf-dist/tex/latex/amsmath/amsbsy.sty
Package: amsbsy 1999/11/29 v1.2d
\pmbraise@=\dimen104
)
(/usr/local/texlive/2014/texmf-dist/tex/latex/amsmath/amsopn.sty
Package: amsopn 1999/12/14 v2.01 operator names
)
\inf@bad=\count87
LaTeX Info: Redefining \frac on input line 210.
\uproot@=\count88
\leftroot@=\count89
LaTeX Info: Redefining \overline on input line 306.
\classnum@=\count90
\DOTSCASE@=\count91
LaTeX Info: Redefining \ldots on input line 378.
LaTeX Info: Redefining \dots on input line 381.
LaTeX Info: Redefining \cdots on input line 466.
\Mathstrutbox@=\box26
\strutbox@=\box27
\big@size=\dimen105
LaTeX Font Info:    Redeclaring font encoding OML on input line 566.
LaTeX Font Info:    Redeclaring font encoding OMS on input line 567.
\macc@depth=\count92
\c@MaxMatrixCols=\count93
\dotsspace@=\muskip10
\c@parentequation=\count94
\dspbrk@lvl=\count95
\tag@help=\toks15
\row@=\count96
\column@=\count97
\maxfields@=\count98
\andhelp@=\toks16
\eqnshift@=\dimen106
\alignsep@=\dimen107
\tagshift@=\dimen108
\tagwidth@=\dimen109
\totwidth@=\dimen110
\lineht@=\dimen111
\@envbody=\toks17
\multlinegap=\skip44
\multlinetaggap=\skip45
\mathdisplay@stack=\toks18
LaTeX Info: Redefining \[ on input line 2665.
LaTeX Info: Redefining \] on input line 2666.
)
(/usr/local/texlive/2014/texmf-dist/tex/latex/graphics/graphicx.sty
Package: graphicx 2014/10/28 v1.0g Enhanced LaTeX Graphics (DPC,SPQR)

(/usr/local/texlive/2014/texmf-dist/tex/latex/graphics/keyval.sty
Package: keyval 2014/10/28 v1.15 key=value parser (DPC)
\KV@toks@=\toks19
)
(/usr/local/texlive/2014/texmf-dist/tex/latex/graphics/graphics.sty
Package: graphics 2014/10/28 v1.0p Standard LaTeX Graphics (DPC,SPQR)

(/usr/local/texlive/2014/texmf-dist/tex/latex/graphics/trig.sty
Package: trig 1999/03/16 v1.09 sin cos tan (DPC)
)
(/usr/local/texlive/2014/texmf-dist/tex/latex/latexconfig/graphics.cfg
File: graphics.cfg 2010/04/23 v1.9 graphics configuration of TeX Live
)
Package graphics Info: Driver file: pdftex.def on input line 91.

(/usr/local/texlive/2014/texmf-dist/tex/latex/pdftex-def/pdftex.def
File: pdftex.def 2011/05/27 v0.06d Graphics/color for pdfTeX

(/usr/local/texlive/2014/texmf-dist/tex/generic/oberdiek/infwarerr.sty
Package: infwarerr 2010/04/08 v1.3 Providing info/warning/error messages (HO)
)
(/usr/local/texlive/2014/texmf-dist/tex/generic/oberdiek/ltxcmds.sty
Package: ltxcmds 2011/11/09 v1.22 LaTeX kernel commands for general use (HO)
)
\Gread@gobject=\count99
))
\Gin@req@height=\dimen112
\Gin@req@width=\dimen113
)
(/usr/local/texlive/2014/texmf-dist/tex/latex/cite/cite.sty
LaTeX Info: Redefining \cite on input line 302.
LaTeX Info: Redefining \nocite on input line 373.
Package: cite 2010/09/10  v 5.3
)
(/usr/local/texlive/2014/texmf-dist/tex/latex/subfig/subfig.sty
Package: subfig 2005/06/28 ver: 1.3 subfig package

(/usr/local/texlive/2014/texmf-dist/tex/latex/caption/caption.sty
Package: caption 2013/05/02 v3.3-89 Customizing captions (AR)

(/usr/local/texlive/2014/texmf-dist/tex/latex/caption/caption3.sty
Package: caption3 2013/05/02 v1.6-88 caption3 kernel (AR)
Package caption3 Info: TeX engine: e-TeX on input line 57.
\captionmargin=\dimen114
\captionmargin@=\dimen115
\captionwidth=\dimen116
\caption@tempdima=\dimen117
\caption@indent=\dimen118
\caption@parindent=\dimen119
\caption@hangindent=\dimen120
Package caption Info: Unknown document class (or package),
(caption)             standard defaults will be used.
)

Package caption Warning: Unsupported document class (or package) detected,
(caption)                usage of the caption package is not recommended.
See the caption package documentation for explanation.

Package caption Info: \@makecaption = \long macro:#1#2-> \vskip 10pt \setbox \@
tempboxa \hbox {#1. #2} \ifdim \wd \@tempboxa >\hsize #1. #2\par \else \hbox to
\hsize {\hfil \box \@tempboxa \hfil } \fi .
\c@ContinuedFloat=\count100
)
\c@KVtest=\count101
\sf@farskip=\skip46
\sf@captopadj=\dimen121
\sf@capskip=\skip47
\sf@nearskip=\skip48
\c@subfigure=\count102
\c@subfigure@save=\count103
\c@lofdepth=\count104
\c@subtable=\count105
\c@subtable@save=\count106
\c@lotdepth=\count107
\sf@top=\skip49
\sf@bottom=\skip50
) (./paperEUSIPCO.aux)
\openout1 = `paperEUSIPCO.aux'.

LaTeX Font Info:    Checking defaults for OML/cmm/m/it on input line 107.
LaTeX Font Info:    ... okay on input line 107.
LaTeX Font Info:    Checking defaults for T1/cmr/m/n on input line 107.
LaTeX Font Info:    ... okay on input line 107.
LaTeX Font Info:    Checking defaults for OT1/cmr/m/n on input line 107.
LaTeX Font Info:    ... okay on input line 107.
LaTeX Font Info:    Checking defaults for OMS/cmsy/m/n on input line 107.
LaTeX Font Info:    ... okay on input line 107.
LaTeX Font Info:    Checking defaults for OMX/cmex/m/n on input line 107.
LaTeX Font Info:    ... okay on input line 107.
LaTeX Font Info:    Checking defaults for U/cmr/m/n on input line 107.
LaTeX Font Info:    ... okay on input line 107.
LaTeX Font Info:    Try loading font information for OT1+ptm on input line 107.


(/usr/local/texlive/2014/texmf-dist/tex/latex/psnfss/ot1ptm.fd
File: ot1ptm.fd 2001/06/04 font definitions for OT1/ptm.
)
(/usr/local/texlive/2014/texmf-dist/tex/context/base/supp-pdf.mkii
[Loading MPS to PDF converter (version 2006.09.02).]
\scratchcounter=\count108
\scratchdimen=\dimen122
\scratchbox=\box28
\nofMPsegments=\count109
\nofMParguments=\count110
\everyMPshowfont=\toks20
\MPscratchCnt=\count111
\MPscratchDim=\dimen123
\MPnumerator=\count112
\makeMPintoPDFobject=\count113
\everyMPtoPDFconversion=\toks21
) (/usr/local/texlive/2014/texmf-dist/tex/generic/oberdiek/pdftexcmds.sty
Package: pdftexcmds 2011/11/29 v0.20 Utility functions of pdfTeX for LuaTeX (HO
)

(/usr/local/texlive/2014/texmf-dist/tex/generic/oberdiek/ifluatex.sty
Package: ifluatex 2010/03/01 v1.3 Provides the ifluatex switch (HO)
Package ifluatex Info: LuaTeX not detected.
)
(/usr/local/texlive/2014/texmf-dist/tex/generic/oberdiek/ifpdf.sty
Package: ifpdf 2011/01/30 v2.3 Provides the ifpdf switch (HO)
Package ifpdf Info: pdfTeX in PDF mode is detected.
)
Package pdftexcmds Info: LuaTeX not detected.
Package pdftexcmds Info: \pdf@primitive is available.
Package pdftexcmds Info: \pdf@ifprimitive is available.
Package pdftexcmds Info: \pdfdraftmode found.
)
(/usr/local/texlive/2014/texmf-dist/tex/latex/oberdiek/epstopdf-base.sty
Package: epstopdf-base 2010/02/09 v2.5 Base part for package epstopdf

(/usr/local/texlive/2014/texmf-dist/tex/latex/oberdiek/grfext.sty
Package: grfext 2010/08/19 v1.1 Manage graphics extensions (HO)

(/usr/local/texlive/2014/texmf-dist/tex/generic/oberdiek/kvdefinekeys.sty
Package: kvdefinekeys 2011/04/07 v1.3 Define keys (HO)
))
(/usr/local/texlive/2014/texmf-dist/tex/latex/oberdiek/kvoptions.sty
Package: kvoptions 2011/06/30 v3.11 Key value format for package options (HO)

(/usr/local/texlive/2014/texmf-dist/tex/generic/oberdiek/kvsetkeys.sty
Package: kvsetkeys 2012/04/25 v1.16 Key value parser (HO)

(/usr/local/texlive/2014/texmf-dist/tex/generic/oberdiek/etexcmds.sty
Package: etexcmds 2011/02/16 v1.5 Avoid name clashes with e-TeX commands (HO)
Package etexcmds Info: Could not find \expanded.
(etexcmds)             That can mean that you are not using pdfTeX 1.50 or
(etexcmds)             that some package has redefined \expanded.
(etexcmds)             In the latter case, load this package earlier.
)))
Package grfext Info: Graphics extension search list:
(grfext)             [.png,.pdf,.jpg,.mps,.jpeg,.jbig2,.jb2,.PNG,.PDF,.JPG,.JPE
G,.JBIG2,.JB2,.eps]
(grfext)             \AppendGraphicsExtensions on input line 452.

(/usr/local/texlive/2014/texmf-dist/tex/latex/latexconfig/epstopdf-sys.cfg
File: epstopdf-sys.cfg 2010/07/13 v1.3 Configuration of (r)epstopdf for TeX Liv
e
))
Package caption Info: Begin \AtBeginDocument code.
Package caption Info: subfig package v1.3 is loaded.
Package caption Info: End \AtBeginDocument code.
LaTeX Font Info:    Font shape `OT1/ptm/bx/n' in size <12> not available
(Font)              Font shape `OT1/ptm/b/n' tried instead on input line 110.
Missing character: There is no Â in font ptmr7t!
Missing character: There is no ´ in font ptmr7t!
LaTeX Font Info:    Font shape `OT1/ptm/bx/n' in size <10> not available
(Font)              Font shape `OT1/ptm/b/n' tried instead on input line 112.
LaTeX Font Info:    Font shape `OT1/ptm/bx/it' in size <10> not available
(Font)              Font shape `OT1/ptm/b/it' tried instead on input line 116.

Underfull \hbox (badness 1552) in paragraph at lines 122--129
\OT1/ptm/m/n/10 One of the trends in wire-less com-mu-ni-ca-tion net-works
 []


Underfull \vbox (badness 10000) has occurred while \output is active []

 [1{/usr/local/texlive/2014/texmf-var/fonts/map/pdftex/updmap/pdftex.map}



]
<figures/MIMOchannel.pdf, id=12, 283.92142pt x 236.2454pt>
File: figures/MIMOchannel.pdf Graphic file (type pdf)

<use figures/MIMOchannel.pdf>
Package pdftex.def Info: figures/MIMOchannel.pdf used on input line 168.
(pdftex.def)             Requested size: 106.35979pt x 88.50168pt.
LaTeX Font Info:    Font shape `OT1/ptm/bx/n' in size <9> not available
(Font)              Font shape `OT1/ptm/b/n' tried instead on input line 169.


LaTeX Warning: `h' float specifier changed to `ht'.

<figures/modelSketch.pdf, id=13, 435.6275pt x 162.6075pt>
File: figures/modelSketch.pdf Graphic file (type pdf)

<use figures/modelSketch.pdf>
Package pdftex.def Info: figures/modelSketch.pdf used on input line 186.
(pdftex.def)             Requested size: 227.90501pt x 85.06999pt.
 [2 <./figures/MIMOchannel.pdf> <./figures/modelSketch.pdf>]
LaTeX Font Info:    Try loading font information for OMS+ptm on input line 208.

 (/usr/local/texlive/2014/texmf-dist/tex/latex/psnfss/omsptm.fd
File: omsptm.fd 
)
LaTeX Font Info:    Font shape `OMS/ptm/m/n' in size <10> not available
(Font)              Font shape `OMS/cmsy/m/n' tried instead on input line 208.

<experiments/BoxM_SNR_s.pdf, id=259, 216.81pt x 144.54pt>
File: experiments/BoxM_SNR_s.pdf Graphic file (type pdf)

<use experiments/BoxM_SNR_s.pdf>
Package pdftex.def Info: experiments/BoxM_SNR_s.pdf used on input line 239.
(pdftex.def)             Requested size: 126.61476pt x 84.41109pt.

<experiments/ADER_SNR_s.pdf, id=260, 216.81pt x 144.54pt>
File: experiments/ADER_SNR_s.pdf Graphic file (type pdf)

<use experiments/ADER_SNR_s.pdf>
Package pdftex.def Info: experiments/ADER_SNR_s.pdf used on input line 240.
(pdftex.def)             Requested size: 126.61476pt x 84.41109pt.

<experiments/SER_SNR_s.pdf, id=261, 216.81pt x 144.54pt>
File: experiments/SER_SNR_s.pdf Graphic file (type pdf)

<use experiments/SER_SNR_s.pdf>
Package pdftex.def Info: experiments/SER_SNR_s.pdf used on input line 241.
(pdftex.def)             Requested size: 126.61476pt x 84.41109pt.

<experiments/MSE_SNR_s.pdf, id=262, 216.81pt x 144.54pt>
File: experiments/MSE_SNR_s.pdf Graphic file (type pdf)

<use experiments/MSE_SNR_s.pdf>
Package pdftex.def Info: experiments/MSE_SNR_s.pdf used on input line 242.
(pdftex.def)             Requested size: 126.61476pt x 84.41109pt.

<experiments/BoxM_Nt_s.pdf, id=263, 216.81pt x 144.54pt>
File: experiments/BoxM_Nt_s.pdf Graphic file (type pdf)

<use experiments/BoxM_Nt_s.pdf>
Package pdftex.def Info: experiments/BoxM_Nt_s.pdf used on input line 250.
(pdftex.def)             Requested size: 126.61476pt x 84.41109pt.

<experiments/ADER_Nt_s.pdf, id=264, 216.81pt x 144.54pt>
File: experiments/ADER_Nt_s.pdf Graphic file (type pdf)

<use experiments/ADER_Nt_s.pdf>
Package pdftex.def Info: experiments/ADER_Nt_s.pdf used on input line 251.
(pdftex.def)             Requested size: 126.61476pt x 84.41109pt.

<experiments/SER_Nt_s.pdf, id=265, 216.81pt x 144.54pt>
File: experiments/SER_Nt_s.pdf Graphic file (type pdf)

<use experiments/SER_Nt_s.pdf>
Package pdftex.def Info: experiments/SER_Nt_s.pdf used on input line 252.
(pdftex.def)             Requested size: 126.61476pt x 84.41109pt.

<experiments/MSE_Nt_s.pdf, id=266, 216.81pt x 144.54pt>
File: experiments/MSE_Nt_s.pdf Graphic file (type pdf)

<use experiments/MSE_Nt_s.pdf>
Package pdftex.def Info: experiments/MSE_Nt_s.pdf used on input line 253.
(pdftex.def)             Requested size: 126.61476pt x 84.41109pt.
 [3]
<experiments/BoxM_Nr_s.pdf, id=274, 216.81pt x 144.54pt>
File: experiments/BoxM_Nr_s.pdf Graphic file (type pdf)

<use experiments/BoxM_Nr_s.pdf>
Package pdftex.def Info: experiments/BoxM_Nr_s.pdf used on input line 273.
(pdftex.def)             Requested size: 126.61476pt x 84.41109pt.

<experiments/ADER_Nr_s.pdf, id=275, 216.81pt x 144.54pt>
File: experiments/ADER_Nr_s.pdf Graphic file (type pdf)

<use experiments/ADER_Nr_s.pdf>
Package pdftex.def Info: experiments/ADER_Nr_s.pdf used on input line 274.
(pdftex.def)             Requested size: 126.61476pt x 84.41109pt.

<experiments/SER_Nr_s.pdf, id=276, 216.81pt x 144.54pt>
File: experiments/SER_Nr_s.pdf Graphic file (type pdf)

<use experiments/SER_Nr_s.pdf>
Package pdftex.def Info: experiments/SER_Nr_s.pdf used on input line 275.
(pdftex.def)             Requested size: 126.61476pt x 84.41109pt.

<experiments/MSE_Nr_s.pdf, id=277, 216.81pt x 144.54pt>
File: experiments/MSE_Nr_s.pdf Graphic file (type pdf)

<use experiments/MSE_Nr_s.pdf>
Package pdftex.def Info: experiments/MSE_Nr_s.pdf used on input line 276.
(pdftex.def)             Requested size: 126.61476pt x 84.41109pt.

<experiments/BoxM_M_s.pdf, id=278, 216.81pt x 144.54pt>
File: experiments/BoxM_M_s.pdf Graphic file (type pdf)

<use experiments/BoxM_M_s.pdf>
Package pdftex.def Info: experiments/BoxM_M_s.pdf used on input line 284.
(pdftex.def)             Requested size: 126.61476pt x 84.41109pt.

<experiments/ADER_M_s.pdf, id=279, 216.81pt x 144.54pt>
File: experiments/ADER_M_s.pdf Graphic file (type pdf)

<use experiments/ADER_M_s.pdf>
Package pdftex.def Info: experiments/ADER_M_s.pdf used on input line 285.
(pdftex.def)             Requested size: 126.61476pt x 84.41109pt.

<experiments/SER_M_s.pdf, id=280, 216.81pt x 144.54pt>
File: experiments/SER_M_s.pdf Graphic file (type pdf)

<use experiments/SER_M_s.pdf>
Package pdftex.def Info: experiments/SER_M_s.pdf used on input line 286.
(pdftex.def)             Requested size: 126.61476pt x 84.41109pt.

<experiments/MSE_M_s.pdf, id=281, 216.81pt x 144.54pt>
File: experiments/MSE_M_s.pdf Graphic file (type pdf)

<use experiments/MSE_M_s.pdf>
Package pdftex.def Info: experiments/MSE_M_s.pdf used on input line 287.
(pdftex.def)             Requested size: 126.61476pt x 84.41109pt.

Underfull \vbox (badness 10000) has occurred while \output is active []

 [4 <./experiments/BoxM_SNR_s.pdf> <./experiments/ADER_SNR_s.pdf> <./experiment
s/SER_SNR_s.pdf> <./experiments/MSE_SNR_s.pdf> <./experiments/BoxM_Nt_s.pdf> <.
/experiments/ADER_Nt_s.pdf> <./experiments/SER_Nt_s.pdf> <./experiments/MSE_Nt_
s.pdf>]
(./paperEUSIPCO.bbl
Underfull \hbox (badness 1354) in paragraph at lines 29--33
[]\OT1/ptm/m/n/10 D. An-gelosante, E. Grossi, G. B. Gi-an-nakis, and
 []

)
Underfull \vbox (badness 10000) has occurred while \output is active []

 [5 <./experiments/BoxM_Nr_s.pdf> <./experiments/ADER_Nr_s.pdf> <./experiments/
SER_Nr_s.pdf> <./experiments/MSE_Nr_s.pdf> <./experiments/BoxM_M_s.pdf> <./expe
riments/ADER_M_s.pdf> <./experiments/SER_M_s.pdf> <./experiments/MSE_M_s.pdf>]
(./paperEUSIPCO.aux) ) 
Here is how much of TeX's memory you used:
 3621 strings out of 493109
 55040 string characters out of 6135010
 127420 words of memory out of 5000000
 7015 multiletter control sequences out of 15000+600000
 29550 words of font info for 59 fonts, out of 8000000 for 9000
 1141 hyphenation exceptions out of 8191
 44i,14n,47p,1366b,383s stack positions out of 5000i,500n,10000p,200000b,80000s
{/usr/local/texlive/2014/texmf-dist/fonts/enc/dvips/base/
8r.enc}</usr/local/texlive/2014/texmf-dist/fonts/type1/public/amsfonts/cm/cmbx1
0.pfb></usr/local/texlive/2014/texmf-dist/fonts/type1/public/amsfonts/cm/cmex10
.pfb></usr/local/texlive/2014/texmf-dist/fonts/type1/public/amsfonts/cm/cmmi10.
pfb></usr/local/texlive/2014/texmf-dist/fonts/type1/public/amsfonts/cm/cmmi6.pf
b></usr/local/texlive/2014/texmf-dist/fonts/type1/public/amsfonts/cm/cmmi7.pfb>
</usr/local/texlive/2014/texmf-dist/fonts/type1/public/amsfonts/cm/cmmi8.pfb></
usr/local/texlive/2014/texmf-dist/fonts/type1/public/amsfonts/cm/cmr10.pfb></us
r/local/texlive/2014/texmf-dist/fonts/type1/public/amsfonts/cm/cmr5.pfb></usr/l
ocal/texlive/2014/texmf-dist/fonts/type1/public/amsfonts/cm/cmr6.pfb></usr/loca
l/texlive/2014/texmf-dist/fonts/type1/public/amsfonts/cm/cmr7.pfb></usr/local/t
exlive/2014/texmf-dist/fonts/type1/public/amsfonts/cm/cmr8.pfb></usr/local/texl
ive/2014/texmf-dist/fonts/type1/public/amsfonts/cm/cmsy10.pfb></usr/local/texli
ve/2014/texmf-dist/fonts/type1/public/amsfonts/cm/cmsy6.pfb></usr/local/texlive
/2014/texmf-dist/fonts/type1/public/amsfonts/cm/cmsy7.pfb></usr/local/texlive/2
014/texmf-dist/fonts/type1/public/amsfonts/cm/cmsy8.pfb></usr/local/texlive/201
4/texmf-dist/fonts/type1/urw/times/utmb8a.pfb></usr/local/texlive/2014/texmf-di
st/fonts/type1/urw/times/utmbi8a.pfb></usr/local/texlive/2014/texmf-dist/fonts/
type1/urw/times/utmr8a.pfb></usr/local/texlive/2014/texmf-dist/fonts/type1/urw/
times/utmri8a.pfb>
Output written on paperEUSIPCO.pdf (5 pages, 387577 bytes).
PDF statistics:
 396 PDF objects out of 1000 (max. 8388607)
 340 compressed objects within 4 object streams
 0 named destinations out of 1000 (max. 500000)
 91 words of extra memory for PDF output out of 10000 (max. 10000000)

