This is pdfTeX, Version 3.14159265-2.6-1.40.15 (TeX Live 2014) (preloaded format=pdflatex 2015.1.20)  11 MAR 2015 12:14
entering extended mode
 restricted \write18 enabled.
 %&-line parsing enabled.
**show_plots.tex
(./show_plots.tex
LaTeX2e <2014/05/01>
Babel <3.9l> and hyphenation patterns for 79 languages loaded.
(/usr/local/texlive/2014/texmf-dist/tex/latex/base/article.cls
Document Class: article 2014/09/29 v1.4h Standard LaTeX document class
(/usr/local/texlive/2014/texmf-dist/tex/latex/base/size11.clo
File: size11.clo 2014/09/29 v1.4h Standard LaTeX file (size option)
)
\c@part=\count79
\c@section=\count80
\c@subsection=\count81
\c@subsubsection=\count82
\c@paragraph=\count83
\c@subparagraph=\count84
\c@figure=\count85
\c@table=\count86
\abovecaptionskip=\skip41
\belowcaptionskip=\skip42
\bibindent=\dimen102
)
(/usr/local/texlive/2014/texmf-dist/tex/latex/graphics/graphicx.sty
Package: graphicx 2014/10/28 v1.0g Enhanced LaTeX Graphics (DPC,SPQR)

(/usr/local/texlive/2014/texmf-dist/tex/latex/graphics/keyval.sty
Package: keyval 2014/10/28 v1.15 key=value parser (DPC)
\KV@toks@=\toks14
)
(/usr/local/texlive/2014/texmf-dist/tex/latex/graphics/graphics.sty
Package: graphics 2014/10/28 v1.0p Standard LaTeX Graphics (DPC,SPQR)

(/usr/local/texlive/2014/texmf-dist/tex/latex/graphics/trig.sty
Package: trig 1999/03/16 v1.09 sin cos tan (DPC)
)
(/usr/local/texlive/2014/texmf-dist/tex/latex/latexconfig/graphics.cfg
File: graphics.cfg 2010/04/23 v1.9 graphics configuration of TeX Live
)
Package graphics Info: Driver file: pdftex.def on input line 91.

(/usr/local/texlive/2014/texmf-dist/tex/latex/pdftex-def/pdftex.def
File: pdftex.def 2011/05/27 v0.06d Graphics/color for pdfTeX

(/usr/local/texlive/2014/texmf-dist/tex/generic/oberdiek/infwarerr.sty
Package: infwarerr 2010/04/08 v1.3 Providing info/warning/error messages (HO)
)
(/usr/local/texlive/2014/texmf-dist/tex/generic/oberdiek/ltxcmds.sty
Package: ltxcmds 2011/11/09 v1.22 LaTeX kernel commands for general use (HO)
)
\Gread@gobject=\count87
))
\Gin@req@height=\dimen103
\Gin@req@width=\dimen104
)
(/usr/local/texlive/2014/texmf-dist/tex/latex/subfig/subfig.sty
Package: subfig 2005/06/28 ver: 1.3 subfig package

(/usr/local/texlive/2014/texmf-dist/tex/latex/caption/caption.sty
Package: caption 2013/05/02 v3.3-89 Customizing captions (AR)

(/usr/local/texlive/2014/texmf-dist/tex/latex/caption/caption3.sty
Package: caption3 2013/05/02 v1.6-88 caption3 kernel (AR)
Package caption3 Info: TeX engine: e-TeX on input line 57.
\captionmargin=\dimen105
\captionmargin@=\dimen106
\captionwidth=\dimen107
\caption@tempdima=\dimen108
\caption@indent=\dimen109
\caption@parindent=\dimen110
\caption@hangindent=\dimen111
)
\c@ContinuedFloat=\count88
)
\c@KVtest=\count89
\sf@farskip=\skip43
\sf@captopadj=\dimen112
\sf@capskip=\skip44
\sf@nearskip=\skip45
\c@subfigure=\count90
\c@subfigure@save=\count91
\c@lofdepth=\count92
\c@subtable=\count93
\c@subtable@save=\count94
\c@lotdepth=\count95
\sf@top=\skip46
\sf@bottom=\skip47
)
(/usr/local/texlive/2014/texmf-dist/tex/latex/graphics/color.sty
Package: color 2014/10/28 v1.1a Standard LaTeX Color (DPC)

(/usr/local/texlive/2014/texmf-dist/tex/latex/latexconfig/color.cfg
File: color.cfg 2007/01/18 v1.5 color configuration of teTeX/TeXLive
)
Package color Info: Driver file: pdftex.def on input line 137.

(/usr/local/texlive/2014/texmf-dist/tex/latex/graphics/dvipsnam.def
File: dvipsnam.def 2014/10/14 v3.0j Driver-dependent file (DPC,SPQR)
))
(/usr/local/texlive/2014/texmf-dist/tex/latex/anysize/anysize.sty
Package: anysize 1994/08/13 setting margin sizes

document style option `anysize' loaded
Michael Salzenberg, Thomas Esser, Dirk Hillbrecht
Version 1.0, Aug 13, 1994
\@Leftmargin=\dimen113
\@Rightmargin=\dimen114
\@Topmargin=\dimen115
\@Bottommargin=\dimen116
) (/usr/local/texlive/2014/texmf-dist/tex/latex/tools/array.sty
Package: array 2014/10/28 v2.4c Tabular extension package (FMi)
\col@sep=\dimen117
\extrarowheight=\dimen118
\NC@list=\toks15
\extratabsurround=\skip48
\backup@length=\skip49
)
(/usr/local/texlive/2014/texmf-dist/tex/latex/multirow/multirow.sty
\bigstrutjot=\dimen119
)
(/usr/local/texlive/2014/texmf-dist/tex/latex/colortbl/colortbl.sty
Package: colortbl 2012/02/13 v1.0a Color table columns (DPC)
\everycr=\toks16
\minrowclearance=\skip50
)
(/usr/local/texlive/2014/texmf-dist/tex/latex/booktabs/booktabs.sty
Package: booktabs 2005/04/14 v1.61803 publication quality tables
\heavyrulewidth=\dimen120
\lightrulewidth=\dimen121
\cmidrulewidth=\dimen122
\belowrulesep=\dimen123
\belowbottomsep=\dimen124
\aboverulesep=\dimen125
\abovetopsep=\dimen126
\cmidrulesep=\dimen127
\cmidrulekern=\dimen128
\defaultaddspace=\dimen129
\@cmidla=\count96
\@cmidlb=\count97
\@aboverulesep=\dimen130
\@belowrulesep=\dimen131
\@thisruleclass=\count98
\@lastruleclass=\count99
\@thisrulewidth=\dimen132
)
(/usr/local/texlive/2014/texmf-dist/tex/latex/tabulary/tabulary.sty
Package: tabulary 2014/06/11 v0.10 tabulary package (DPC)
\TY@count=\count100
\TY@linewidth=\dimen133
\tymin=\dimen134
\tymax=\dimen135
\TY@tablewidth=\dimen136
)
(/usr/local/texlive/2014/texmf-dist/tex/latex/bbm-macros/bbm.sty
Package: bbm 1999/03/15 V 1.2 provides fonts for set symbols - TH
LaTeX Font Info:    Overwriting math alphabet `\mathbbm' in version `bold'
(Font)                  U/bbm/m/n --> U/bbm/bx/n on input line 33.
LaTeX Font Info:    Overwriting math alphabet `\mathbbmss' in version `bold'
(Font)                  U/bbmss/m/n --> U/bbmss/bx/n on input line 35.
)
(/usr/local/texlive/2014/texmf-dist/tex/latex/amsmath/amsmath.sty
Package: amsmath 2013/01/14 v2.14 AMS math features
\@mathmargin=\skip51

For additional information on amsmath, use the `?' option.
(/usr/local/texlive/2014/texmf-dist/tex/latex/amsmath/amstext.sty
Package: amstext 2000/06/29 v2.01

(/usr/local/texlive/2014/texmf-dist/tex/latex/amsmath/amsgen.sty
File: amsgen.sty 1999/11/30 v2.0
\@emptytoks=\toks17
\ex@=\dimen137
))
(/usr/local/texlive/2014/texmf-dist/tex/latex/amsmath/amsbsy.sty
Package: amsbsy 1999/11/29 v1.2d
\pmbraise@=\dimen138
)
(/usr/local/texlive/2014/texmf-dist/tex/latex/amsmath/amsopn.sty
Package: amsopn 1999/12/14 v2.01 operator names
)
\inf@bad=\count101
LaTeX Info: Redefining \frac on input line 210.
\uproot@=\count102
\leftroot@=\count103
LaTeX Info: Redefining \overline on input line 306.
\classnum@=\count104
\DOTSCASE@=\count105
LaTeX Info: Redefining \ldots on input line 378.
LaTeX Info: Redefining \dots on input line 381.
LaTeX Info: Redefining \cdots on input line 466.
\Mathstrutbox@=\box26
\strutbox@=\box27
\big@size=\dimen139
LaTeX Font Info:    Redeclaring font encoding OML on input line 566.
LaTeX Font Info:    Redeclaring font encoding OMS on input line 567.
\macc@depth=\count106
\c@MaxMatrixCols=\count107
\dotsspace@=\muskip10
\c@parentequation=\count108
\dspbrk@lvl=\count109
\tag@help=\toks18
\row@=\count110
\column@=\count111
\maxfields@=\count112
\andhelp@=\toks19
\eqnshift@=\dimen140
\alignsep@=\dimen141
\tagshift@=\dimen142
\tagwidth@=\dimen143
\totwidth@=\dimen144
\lineht@=\dimen145
\@envbody=\toks20
\multlinegap=\skip52
\multlinetaggap=\skip53
\mathdisplay@stack=\toks21
LaTeX Info: Redefining \[ on input line 2665.
LaTeX Info: Redefining \] on input line 2666.
)
(/usr/local/texlive/2014/texmf-dist/tex/latex/amsfonts/amssymb.sty
Package: amssymb 2013/01/14 v3.01 AMS font symbols

(/usr/local/texlive/2014/texmf-dist/tex/latex/amsfonts/amsfonts.sty
Package: amsfonts 2013/01/14 v3.01 Basic AMSFonts support
\symAMSa=\mathgroup4
\symAMSb=\mathgroup5
LaTeX Font Info:    Overwriting math alphabet `\mathfrak' in version `bold'
(Font)                  U/euf/m/n --> U/euf/b/n on input line 106.
))
(/usr/local/texlive/2014/texmf-dist/tex/generic/xypic/xy.sty
(/usr/local/texlive/2014/texmf-dist/tex/generic/xypic/xy.tex Bootstrap'ing:
catcodes, docmode,
(/usr/local/texlive/2014/texmf-dist/tex/generic/xypic/xyrecat.tex)
(/usr/local/texlive/2014/texmf-dist/tex/generic/xypic/xyidioms.tex)

 Xy-pic version 3.8.9 <2013/10/06>
 Copyright (c) 1991-2013 by Kristoffer H. Rose <krisrose@tug.org> and others
 Xy-pic is free software: see the User's Guide for details.

Loading kernel: messages; fonts; allocations: state,
\X@c=\dimen146
\Y@c=\dimen147
\U@c=\dimen148
\D@c=\dimen149
\L@c=\dimen150
\R@c=\dimen151
\Edge@c=\toks22
\X@p=\dimen152
\Y@p=\dimen153
\U@p=\dimen154
\D@p=\dimen155
\L@p=\dimen156
\R@p=\dimen157
\Edge@p=\toks23
\X@origin=\dimen158
\Y@origin=\dimen159
\X@xbase=\dimen160
\Y@xbase=\dimen161
\X@ybase=\dimen162
\Y@ybase=\dimen163
\X@min=\dimen164
\Y@min=\dimen165
\X@max=\dimen166
\Y@max=\dimen167
\lastobjectbox@=\box28
\zerodotbox@=\box29
\almostz@=\dimen168
 direction,
\d@X=\dimen169
\d@Y=\dimen170
\K@=\count113
\KK@=\count114
\Direction=\count115
\K@dXdY=\dimen171
\K@dYdX=\dimen172
\xyread@=\read1
\xywrite@=\write3
\csp@=\count116
\quotPTK@=\dimen173

utility macros; pictures: \xy, positions,
\swaptoks@@=\toks24
\connectobjectbox@@=\box30
 objects,
\styletoks@=\toks25
 decorations;
kernel objects: directionals, circles, text; options; algorithms: directions,
edges, connections;  Xy-pic loaded)
(/usr/local/texlive/2014/texmf-dist/tex/generic/oberdiek/ifpdf.sty
Package: ifpdf 2011/01/30 v2.3 Provides the ifpdf switch (HO)
Package ifpdf Info: pdfTeX in PDF mode is detected.
)
Package: xy 2013/10/06 Xy-pic version 3.8.9

(/usr/local/texlive/2014/texmf-dist/tex/generic/xypic/xyall.tex
 Xy-pic option: All features v.3.8
(/usr/local/texlive/2014/texmf-dist/tex/generic/xypic/xycurve.tex
 Xy-pic option: Curve and Spline extension v.3.12 curve,
\crv@cnt@=\count117
\crvpts@=\toks26
\splinebox@=\box31
\splineval@=\dimen174
\splinedepth@=\dimen175
\splinetol@=\dimen176
\splinelength@=\dimen177
 circles,
\L@=\dimen178
 loaded)
(/usr/local/texlive/2014/texmf-dist/tex/generic/xypic/xyframe.tex
 Xy-pic option: Frame and Bracket extension v.3.14 loaded)
(/usr/local/texlive/2014/texmf-dist/tex/generic/xypic/xycmtip.tex
 Xy-pic option: Computer Modern tip extension v.3.7
(/usr/local/texlive/2014/texmf-dist/tex/generic/xypic/xytips.tex
 Xy-pic option: More Tips extension v.3.11 loaded) loaded)
(/usr/local/texlive/2014/texmf-dist/tex/generic/xypic/xyline.tex
 Xy-pic option: Line styles extension v.3.10
\xylinethick@=\dimen179
 loaded)
(/usr/local/texlive/2014/texmf-dist/tex/generic/xypic/xyrotate.tex
 Xy-pic option: Rotate and Scale extension v.3.8 loaded)
(/usr/local/texlive/2014/texmf-dist/tex/generic/xypic/xycolor.tex
 Xy-pic option: Colour extension v.3.11 loaded)
(/usr/local/texlive/2014/texmf-dist/tex/generic/xypic/xymatrix.tex
 Xy-pic option: Matrix feature v.3.14
\Row=\count118
\Col=\count119
\queue@=\toks27
\queue@@=\toks28
\qcount@=\count120
\qcount@@=\count121
\matrixsize@=\count122
 loaded)
(/usr/local/texlive/2014/texmf-dist/tex/generic/xypic/xyarrow.tex
 Xy-pic option: Arrow and Path feature v.3.9 path, \ar, loaded)
(/usr/local/texlive/2014/texmf-dist/tex/generic/xypic/xygraph.tex
 Xy-pic option: Graph feature v.3.11 loaded) loaded)
(/usr/local/texlive/2014/texmf-dist/tex/generic/xypic/xypdf.tex
 Xy-pic option: PDF driver v.1.7 Xy-pic pdf driver: `color' extension support
(/usr/local/texlive/2014/texmf-dist/tex/generic/xypic/xypdf-co.tex loaded)
Xy-pic pdf driver: `curve' extension support
(/usr/local/texlive/2014/texmf-dist/tex/generic/xypic/xypdf-cu.tex loaded)
Xy-pic pdf driver: `frame' extension support
(/usr/local/texlive/2014/texmf-dist/tex/generic/xypic/xypdf-fr.tex loaded)
Xy-pic pdf driver: `line' extension support
(/usr/local/texlive/2014/texmf-dist/tex/generic/xypic/xypdf-li.tex loaded)
Xy-pic pdf driver: `rotate' extension support
(/usr/local/texlive/2014/texmf-dist/tex/generic/xypic/xypdf-ro.tex loaded)
loaded)) (/usr/local/texlive/2014/texmf-dist/tex/latex/fancybox/fancybox.sty
Package: fancybox 2010/05/15 1.4

Style option: `fancybox' v1.4 <2010/05/15> (tvz)
\@fancybox=\box32
\shadowsize=\dimen180
\@Sbox=\box33
\do@VerbBox=\toks29
\the@fancyput=\toks30
\this@fancyput=\toks31
\EndVerbatimTokens=\toks32
\Verbatim@Outfile=\write4
\Verbatim@Infile=\read2
) (/usr/local/texlive/2014/texmf-dist/tex/latex/tools/calc.sty
Package: calc 2014/10/28 v4.3 Infix arithmetic (KKT,FJ)
\calc@Acount=\count123
\calc@Bcount=\count124
\calc@Adimen=\dimen181
\calc@Bdimen=\dimen182
\calc@Askip=\skip54
\calc@Bskip=\skip55
LaTeX Info: Redefining \setlength on input line 75.
LaTeX Info: Redefining \addtolength on input line 76.
\calc@Ccount=\count125
\calc@Cskip=\skip56
)
(/usr/local/texlive/2014/texmf-dist/tex/latex/fancyhdr/fancyhdr.sty
\fancy@headwidth=\skip57
\f@ncyO@elh=\skip58
\f@ncyO@erh=\skip59
\f@ncyO@olh=\skip60
\f@ncyO@orh=\skip61
\f@ncyO@elf=\skip62
\f@ncyO@erf=\skip63
\f@ncyO@olf=\skip64
\f@ncyO@orf=\skip65
)
(/usr/local/texlive/2014/texmf-dist/tex/latex/float/float.sty
Package: float 2001/11/08 v1.3d Float enhancements (AL)
\c@float@type=\count126
\float@exts=\toks33
\float@box=\box34
\@float@everytoks=\toks34
\@floatcapt=\box35
)
(/usr/local/texlive/2014/texmf-dist/tex/latex/listings/listings.sty
\lst@mode=\count127
\lst@gtempboxa=\box36
\lst@token=\toks35
\lst@length=\count128
\lst@currlwidth=\dimen183
\lst@column=\count129
\lst@pos=\count130
\lst@lostspace=\dimen184
\lst@width=\dimen185
\lst@newlines=\count131
\lst@lineno=\count132
\lst@maxwidth=\dimen186

(/usr/local/texlive/2014/texmf-dist/tex/latex/listings/lstmisc.sty
File: lstmisc.sty 2014/09/06 1.5e (Carsten Heinz)
\c@lstnumber=\count133
\lst@skipnumbers=\count134
\lst@framebox=\box37
)
(/usr/local/texlive/2014/texmf-dist/tex/latex/listings/listings.cfg
File: listings.cfg 2014/09/06 1.5e listings configuration
))
Package: listings 2014/09/06 1.5e (Carsten Heinz)

(/usr/local/texlive/2014/texmf-dist/tex/latex/hyperref/hyperref.sty
Package: hyperref 2012/11/06 v6.83m Hypertext links for LaTeX

(/usr/local/texlive/2014/texmf-dist/tex/generic/oberdiek/hobsub-hyperref.sty
Package: hobsub-hyperref 2012/05/28 v1.13 Bundle oberdiek, subset hyperref (HO)


(/usr/local/texlive/2014/texmf-dist/tex/generic/oberdiek/hobsub-generic.sty
Package: hobsub-generic 2012/05/28 v1.13 Bundle oberdiek, subset generic (HO)
Package: hobsub 2012/05/28 v1.13 Construct package bundles (HO)
Package hobsub Info: Skipping package `infwarerr' (already loaded).
Package hobsub Info: Skipping package `ltxcmds' (already loaded).
Package: ifluatex 2010/03/01 v1.3 Provides the ifluatex switch (HO)
Package ifluatex Info: LuaTeX not detected.
Package: ifvtex 2010/03/01 v1.5 Detect VTeX and its facilities (HO)
Package ifvtex Info: VTeX not detected.
Package: intcalc 2007/09/27 v1.1 Expandable calculations with integers (HO)
Package hobsub Info: Skipping package `ifpdf' (already loaded).
Package: etexcmds 2011/02/16 v1.5 Avoid name clashes with e-TeX commands (HO)
Package etexcmds Info: Could not find \expanded.
(etexcmds)             That can mean that you are not using pdfTeX 1.50 or
(etexcmds)             that some package has redefined \expanded.
(etexcmds)             In the latter case, load this package earlier.
Package: kvsetkeys 2012/04/25 v1.16 Key value parser (HO)
Package: kvdefinekeys 2011/04/07 v1.3 Define keys (HO)
Package: pdftexcmds 2011/11/29 v0.20 Utility functions of pdfTeX for LuaTeX (HO
)
Package pdftexcmds Info: LuaTeX not detected.
Package pdftexcmds Info: \pdf@primitive is available.
Package pdftexcmds Info: \pdf@ifprimitive is available.
Package pdftexcmds Info: \pdfdraftmode found.
Package: pdfescape 2011/11/25 v1.13 Implements pdfTeX's escape features (HO)
Package: bigintcalc 2012/04/08 v1.3 Expandable calculations on big integers (HO
)
Package: bitset 2011/01/30 v1.1 Handle bit-vector datatype (HO)
Package: uniquecounter 2011/01/30 v1.2 Provide unlimited unique counter (HO)
)
Package hobsub Info: Skipping package `hobsub' (already loaded).
Package: letltxmacro 2010/09/02 v1.4 Let assignment for LaTeX macros (HO)
Package: hopatch 2012/05/28 v1.2 Wrapper for package hooks (HO)
Package: xcolor-patch 2011/01/30 xcolor patch
Package: atveryend 2011/06/30 v1.8 Hooks at the very end of document (HO)
Package atveryend Info: \enddocument detected (standard20110627).
Package: atbegshi 2011/10/05 v1.16 At begin shipout hook (HO)
Package: refcount 2011/10/16 v3.4 Data extraction from label references (HO)
Package: hycolor 2011/01/30 v1.7 Color options for hyperref/bookmark (HO)
)
(/usr/local/texlive/2014/texmf-dist/tex/generic/ifxetex/ifxetex.sty
Package: ifxetex 2010/09/12 v0.6 Provides ifxetex conditional
)
(/usr/local/texlive/2014/texmf-dist/tex/latex/oberdiek/auxhook.sty
Package: auxhook 2011/03/04 v1.3 Hooks for auxiliary files (HO)
)
(/usr/local/texlive/2014/texmf-dist/tex/latex/oberdiek/kvoptions.sty
Package: kvoptions 2011/06/30 v3.11 Key value format for package options (HO)
)
\@linkdim=\dimen187
\Hy@linkcounter=\count135
\Hy@pagecounter=\count136

(/usr/local/texlive/2014/texmf-dist/tex/latex/hyperref/pd1enc.def
File: pd1enc.def 2012/11/06 v6.83m Hyperref: PDFDocEncoding definition (HO)
)
\Hy@SavedSpaceFactor=\count137

(/usr/local/texlive/2014/texmf-dist/tex/latex/latexconfig/hyperref.cfg
File: hyperref.cfg 2002/06/06 v1.2 hyperref configuration of TeXLive
)
Package hyperref Info: Hyper figures OFF on input line 4443.
Package hyperref Info: Link nesting OFF on input line 4448.
Package hyperref Info: Hyper index ON on input line 4451.
Package hyperref Info: Plain pages OFF on input line 4458.
Package hyperref Info: Backreferencing OFF on input line 4463.
Package hyperref Info: Implicit mode ON; LaTeX internals redefined.
Package hyperref Info: Bookmarks ON on input line 4688.
\c@Hy@tempcnt=\count138

(/usr/local/texlive/2014/texmf-dist/tex/latex/url/url.sty
\Urlmuskip=\muskip11
Package: url 2013/09/16  ver 3.4  Verb mode for urls, etc.
)
LaTeX Info: Redefining \url on input line 5041.
\XeTeXLinkMargin=\dimen188
\Fld@menulength=\count139
\Field@Width=\dimen189
\Fld@charsize=\dimen190
Package hyperref Info: Hyper figures OFF on input line 6295.
Package hyperref Info: Link nesting OFF on input line 6300.
Package hyperref Info: Hyper index ON on input line 6303.
Package hyperref Info: backreferencing OFF on input line 6310.
Package hyperref Info: Link coloring OFF on input line 6315.
Package hyperref Info: Link coloring with OCG OFF on input line 6320.
Package hyperref Info: PDF/A mode OFF on input line 6325.
LaTeX Info: Redefining \ref on input line 6365.
LaTeX Info: Redefining \pageref on input line 6369.
\Hy@abspage=\count140
\c@Item=\count141
\c@Hfootnote=\count142
)

Package hyperref Message: Driver: hpdftex.

(/usr/local/texlive/2014/texmf-dist/tex/latex/hyperref/hpdftex.def
File: hpdftex.def 2012/11/06 v6.83m Hyperref driver for pdfTeX
\Fld@listcount=\count143
\c@bookmark@seq@number=\count144

(/usr/local/texlive/2014/texmf-dist/tex/latex/oberdiek/rerunfilecheck.sty
Package: rerunfilecheck 2011/04/15 v1.7 Rerun checks for auxiliary files (HO)
Package uniquecounter Info: New unique counter `rerunfilecheck' on input line 2
82.
)
\Hy@SectionHShift=\skip66
)
(/usr/local/texlive/2014/texmf-dist/tex/latex/eurosym/eurosym.sty
Package: eurosym 1998/08/06 v1.1 European currency symbol ``Euro''
\@eurobox=\box38
)
(/usr/local/texlive/2014/texmf-dist/tex/latex/listings/lstlang1.sty
File: lstlang1.sty 2014/09/06 1.5e listings language file
)
Package hyperref Info: Option `unicode' set `false' on input line 191.
Package hyperref Info: Option `pdftoolbar' set `true' on input line 191.
Package hyperref Info: Option `pdfmenubar' set `true' on input line 191.
Package hyperref Info: Option `pdffitwindow' set `false' on input line 191.
Package hyperref Info: Option `pdfnewwindow' set `true' on input line 191.
Package hyperref Info: Option `colorlinks' set `true' on input line 191.

(./show_plots.aux)
\openout1 = `show_plots.aux'.

LaTeX Font Info:    Checking defaults for OML/cmm/m/it on input line 241.
LaTeX Font Info:    ... okay on input line 241.
LaTeX Font Info:    Checking defaults for T1/cmr/m/n on input line 241.
LaTeX Font Info:    ... okay on input line 241.
LaTeX Font Info:    Checking defaults for OT1/cmr/m/n on input line 241.
LaTeX Font Info:    ... okay on input line 241.
LaTeX Font Info:    Checking defaults for OMS/cmsy/m/n on input line 241.
LaTeX Font Info:    ... okay on input line 241.
LaTeX Font Info:    Checking defaults for OMX/cmex/m/n on input line 241.
LaTeX Font Info:    ... okay on input line 241.
LaTeX Font Info:    Checking defaults for U/cmr/m/n on input line 241.
LaTeX Font Info:    ... okay on input line 241.
LaTeX Font Info:    Checking defaults for PD1/pdf/m/n on input line 241.
LaTeX Font Info:    ... okay on input line 241.

(/usr/local/texlive/2014/texmf-dist/tex/context/base/supp-pdf.mkii
[Loading MPS to PDF converter (version 2006.09.02).]
\scratchcounter=\count145
\scratchdimen=\dimen191
\scratchbox=\box39
\nofMPsegments=\count146
\nofMParguments=\count147
\everyMPshowfont=\toks36
\MPscratchCnt=\count148
\MPscratchDim=\dimen192
\MPnumerator=\count149
\makeMPintoPDFobject=\count150
\everyMPtoPDFconversion=\toks37
) (/usr/local/texlive/2014/texmf-dist/tex/latex/oberdiek/epstopdf-base.sty
Package: epstopdf-base 2010/02/09 v2.5 Base part for package epstopdf

(/usr/local/texlive/2014/texmf-dist/tex/latex/oberdiek/grfext.sty
Package: grfext 2010/08/19 v1.1 Manage graphics extensions (HO)
)
Package grfext Info: Graphics extension search list:
(grfext)             [.bmp,.png,.jpg,.pdf,.mps,.gif,.eps]
(grfext)             \AppendGraphicsExtensions on input line 452.

(/usr/local/texlive/2014/texmf-dist/tex/latex/latexconfig/epstopdf-sys.cfg
File: epstopdf-sys.cfg 2010/07/13 v1.3 Configuration of (r)epstopdf for TeX Liv
e
))
Package caption Info: Begin \AtBeginDocument code.
Package caption Info: subfig package v1.3 is loaded.
Package caption Info: float package is loaded.
Package caption Info: hyperref package is loaded.
Package caption Info: listings package is loaded.
Package caption Info: End \AtBeginDocument code.
LaTeX Font Info:    Try loading font information for U+msa on input line 241.

(/usr/local/texlive/2014/texmf-dist/tex/latex/amsfonts/umsa.fd
File: umsa.fd 2013/01/14 v3.01 AMS symbols A
)
LaTeX Font Info:    Try loading font information for U+msb on input line 241.

(/usr/local/texlive/2014/texmf-dist/tex/latex/amsfonts/umsb.fd
File: umsb.fd 2013/01/14 v3.01 AMS symbols B
)
Package xypdf Info: Line width: 0.43799pt on input line 241.
\c@lstlisting=\count151
\AtBeginShipoutBox=\box40
Package hyperref Info: Link coloring ON on input line 241.

(/usr/local/texlive/2014/texmf-dist/tex/latex/hyperref/nameref.sty
Package: nameref 2012/10/27 v2.43 Cross-referencing by name of section

(/usr/local/texlive/2014/texmf-dist/tex/generic/oberdiek/gettitlestring.sty
Package: gettitlestring 2010/12/03 v1.4 Cleanup title references (HO)
)
\c@section@level=\count152
)
LaTeX Info: Redefining \ref on input line 241.
LaTeX Info: Redefining \pageref on input line 241.
LaTeX Info: Redefining \nameref on input line 241.

(./show_plots.out) (./show_plots.out)
\@outlinefile=\write5
\openout5 = `show_plots.out'.


<ffbs_pgas/ffbs_pgas.pdf, id=12, 325.215pt x 216.81pt>
File: ffbs_pgas/ffbs_pgas.pdf Graphic file (type pdf)

<use ffbs_pgas/ffbs_pgas.pdf>
Package pdftex.def Info: ffbs_pgas/ffbs_pgas.pdf used on input line 269.
(pdftex.def)             Requested size: 132.30666pt x 88.20454pt.
 <L1/BoxM_SNR_s.pdf, id=13, 216.81pt x 144.54pt>
File: L1/BoxM_SNR_s.pdf Graphic file (type pdf)

<use L1/BoxM_SNR_s.pdf>
Package pdftex.def Info: L1/BoxM_SNR_s.pdf used on input line 280.
(pdftex.def)             Requested size: 110.25443pt x 73.50269pt.
 <L1/ADER_SNR_s.pdf, id=14, 216.81pt x 144.54pt>
File: L1/ADER_SNR_s.pdf Graphic file (type pdf)

<use L1/ADER_SNR_s.pdf>
Package pdftex.def Info: L1/ADER_SNR_s.pdf used on input line 281.
(pdftex.def)             Requested size: 110.25443pt x 73.50269pt.
 <L1/SER_SNR_s.pdf, id=15, 216.81pt x 144.54pt>
File: L1/SER_SNR_s.pdf Graphic file (type pdf)

<use L1/SER_SNR_s.pdf>
Package pdftex.def Info: L1/SER_SNR_s.pdf used on input line 282.
(pdftex.def)             Requested size: 110.25443pt x 73.50269pt.
 <L1/MSE_SNR_s.pdf, id=16, 216.81pt x 144.54pt>
File: L1/MSE_SNR_s.pdf Graphic file (type pdf)

<use L1/MSE_SNR_s.pdf>
Package pdftex.def Info: L1/MSE_SNR_s.pdf used on input line 283.
(pdftex.def)             Requested size: 110.25443pt x 73.50269pt.
 <L3/BoxM_SNR_s.pdf, id=17, 216.81pt x 144.54pt>
File: L3/BoxM_SNR_s.pdf Graphic file (type pdf)

<use L3/BoxM_SNR_s.pdf>
Package pdftex.def Info: L3/BoxM_SNR_s.pdf used on input line 289.
(pdftex.def)             Requested size: 110.25443pt x 73.50269pt.
 <L3/ADER_SNR_s.pdf, id=18, 216.81pt x 144.54pt>
File: L3/ADER_SNR_s.pdf Graphic file (type pdf)

<use L3/ADER_SNR_s.pdf>
Package pdftex.def Info: L3/ADER_SNR_s.pdf used on input line 290.
(pdftex.def)             Requested size: 110.25443pt x 73.50269pt.
 <L3/SER_SNR_s.pdf, id=19, 216.81pt x 144.54pt>
File: L3/SER_SNR_s.pdf Graphic file (type pdf)

<use L3/SER_SNR_s.pdf>
Package pdftex.def Info: L3/SER_SNR_s.pdf used on input line 291.
(pdftex.def)             Requested size: 110.25443pt x 73.50269pt.
 <L3/MSE_SNR_s.pdf, id=20, 216.81pt x 144.54pt>
File: L3/MSE_SNR_s.pdf Graphic file (type pdf)

<use L3/MSE_SNR_s.pdf>
Package pdftex.def Info: L3/MSE_SNR_s.pdf used on input line 292.
(pdftex.def)             Requested size: 110.25443pt x 73.50269pt.
 <L1/BoxM_Nt_s.pdf, id=21, 216.81pt x 144.54pt>
File: L1/BoxM_Nt_s.pdf Graphic file (type pdf)

<use L1/BoxM_Nt_s.pdf>
Package pdftex.def Info: L1/BoxM_Nt_s.pdf used on input line 299.
(pdftex.def)             Requested size: 110.25443pt x 73.50269pt.
 <L1/ADER_Nt_s.pdf, id=22, 216.81pt x 144.54pt>
File: L1/ADER_Nt_s.pdf Graphic file (type pdf)

<use L1/ADER_Nt_s.pdf>
Package pdftex.def Info: L1/ADER_Nt_s.pdf used on input line 300.
(pdftex.def)             Requested size: 110.25443pt x 73.50269pt.
 <L1/SER_Nt_s.pdf, id=23, 216.81pt x 144.54pt>
File: L1/SER_Nt_s.pdf Graphic file (type pdf)

<use L1/SER_Nt_s.pdf>
Package pdftex.def Info: L1/SER_Nt_s.pdf used on input line 301.
(pdftex.def)             Requested size: 110.25443pt x 73.50269pt.
 <L1/MSE_Nt_s.pdf, id=24, 216.81pt x 144.54pt>
File: L1/MSE_Nt_s.pdf Graphic file (type pdf)

<use L1/MSE_Nt_s.pdf>
Package pdftex.def Info: L1/MSE_Nt_s.pdf used on input line 302.
(pdftex.def)             Requested size: 110.25443pt x 73.50269pt.
 [1

{/usr/local/texlive/2014/texmf-var/fonts/map/pdftex/updmap/pdftex.map} <./ffbs_
pgas/ffbs_pgas.pdf> <./L1/BoxM_SNR_s.pdf> <./L1/ADER_SNR_s.pdf> <./L1/SER_SNR_s
.pdf> <./L1/MSE_SNR_s.pdf> <./L3/BoxM_SNR_s.pdf> <./L3/ADER_SNR_s.pdf> <./L3/SE
R_SNR_s.pdf> <./L3/MSE_SNR_s.pdf>]
<L1/BoxM_Nr_s.pdf, id=82, 216.81pt x 144.54pt>
File: L1/BoxM_Nr_s.pdf Graphic file (type pdf)
 <use L1/BoxM_Nr_s.pdf>
Package pdftex.def Info: L1/BoxM_Nr_s.pdf used on input line 308.
(pdftex.def)             Requested size: 110.25443pt x 73.50269pt.

<L1/ADER_Nr_s.pdf, id=83, 216.81pt x 144.54pt>
File: L1/ADER_Nr_s.pdf Graphic file (type pdf)
 <use L1/ADER_Nr_s.pdf>
Package pdftex.def Info: L1/ADER_Nr_s.pdf used on input line 309.
(pdftex.def)             Requested size: 110.25443pt x 73.50269pt.

<L1/SER_Nr_s.pdf, id=84, 216.81pt x 144.54pt>
File: L1/SER_Nr_s.pdf Graphic file (type pdf)
 <use L1/SER_Nr_s.pdf>
Package pdftex.def Info: L1/SER_Nr_s.pdf used on input line 310.
(pdftex.def)             Requested size: 110.25443pt x 73.50269pt.

<L1/MSE_Nr_s.pdf, id=85, 216.81pt x 144.54pt>
File: L1/MSE_Nr_s.pdf Graphic file (type pdf)
 <use L1/MSE_Nr_s.pdf>
Package pdftex.def Info: L1/MSE_Nr_s.pdf used on input line 311.
(pdftex.def)             Requested size: 110.25443pt x 73.50269pt.

<L1/BoxM_M_s.pdf, id=86, 216.81pt x 144.54pt>
File: L1/BoxM_M_s.pdf Graphic file (type pdf)
 <use L1/BoxM_M_s.pdf>
Package pdftex.def Info: L1/BoxM_M_s.pdf used on input line 317.
(pdftex.def)             Requested size: 110.25443pt x 73.50269pt.

<L1/ADER_M_s.pdf, id=87, 216.81pt x 144.54pt>
File: L1/ADER_M_s.pdf Graphic file (type pdf)
 <use L1/ADER_M_s.pdf>
Package pdftex.def Info: L1/ADER_M_s.pdf used on input line 318.
(pdftex.def)             Requested size: 110.25443pt x 73.50269pt.

<L1/SER_M_s.pdf, id=88, 216.81pt x 144.54pt>
File: L1/SER_M_s.pdf Graphic file (type pdf)
 <use L1/SER_M_s.pdf>
Package pdftex.def Info: L1/SER_M_s.pdf used on input line 319.
(pdftex.def)             Requested size: 110.25443pt x 73.50269pt.

<L1/MSE_M_s.pdf, id=89, 216.81pt x 144.54pt>
File: L1/MSE_M_s.pdf Graphic file (type pdf)
 <use L1/MSE_M_s.pdf>
Package pdftex.def Info: L1/MSE_M_s.pdf used on input line 320.
(pdftex.def)             Requested size: 110.25443pt x 73.50269pt.

<L3/BoxM_M_s.pdf, id=90, 216.81pt x 144.54pt>
File: L3/BoxM_M_s.pdf Graphic file (type pdf)
 <use L3/BoxM_M_s.pdf>
Package pdftex.def Info: L3/BoxM_M_s.pdf used on input line 327.
(pdftex.def)             Requested size: 110.25443pt x 73.50269pt.

<L3/ADER_M_s.pdf, id=91, 216.81pt x 144.54pt>
File: L3/ADER_M_s.pdf Graphic file (type pdf)
 <use L3/ADER_M_s.pdf>
Package pdftex.def Info: L3/ADER_M_s.pdf used on input line 328.
(pdftex.def)             Requested size: 110.25443pt x 73.50269pt.

<L3/SER_M_s.pdf, id=92, 216.81pt x 144.54pt>
File: L3/SER_M_s.pdf Graphic file (type pdf)
 <use L3/SER_M_s.pdf>
Package pdftex.def Info: L3/SER_M_s.pdf used on input line 329.
(pdftex.def)             Requested size: 110.25443pt x 73.50269pt.

<L3/MSE_M_s.pdf, id=93, 216.81pt x 144.54pt>
File: L3/MSE_M_s.pdf Graphic file (type pdf)
 <use L3/MSE_M_s.pdf>
Package pdftex.def Info: L3/MSE_M_s.pdf used on input line 330.
(pdftex.def)             Requested size: 110.25443pt x 73.50269pt.
Package atveryend Info: Empty hook `BeforeClearDocument' on input line 361.
 [2 <./L1/BoxM_Nt_s.pdf> <./L1/ADER_Nt_s.pdf> <./L1/SER_Nt_s.pdf> <./L1/MSE_Nt_
s.pdf> <./L1/BoxM_Nr_s.pdf> <./L1/ADER_Nr_s.pdf> <./L1/SER_Nr_s.pdf> <./L1/MSE_
Nr_s.pdf> <./L1/BoxM_M_s.pdf> <./L1/ADER_M_s.pdf> <./L1/SER_M_s.pdf> <./L1/MSE_
M_s.pdf> <./L3/BoxM_M_s.pdf> <./L3/ADER_M_s.pdf> <./L3/SER_M_s.pdf> <./L3/MSE_M
_s.pdf>]
Package atveryend Info: Empty hook `AfterLastShipout' on input line 361.

(./show_plots.aux)
Package atveryend Info: Executing hook `AtVeryEndDocument' on input line 361.
Package atveryend Info: Executing hook `AtEndAfterFileList' on input line 361.
Package rerunfilecheck Info: File `show_plots.out' has not changed.
(rerunfilecheck)             Checksum: 0C706ECFAEE7C243E9396BF94D81E13A;112.
Package atveryend Info: Empty hook `AtVeryVeryEnd' on input line 361.
 ) 
Here is how much of TeX's memory you used:
 12103 strings out of 493109
 174026 string characters out of 6135010
 341968 words of memory out of 5000000
 15307 multiletter control sequences out of 15000+600000
 14982 words of font info for 61 fonts, out of 8000000 for 9000
 1141 hyphenation exceptions out of 8191
 44i,12n,47p,3221b,447s stack positions out of 5000i,500n,10000p,200000b,80000s
</usr/local/texlive/2014/texmf-dist/fonts/type1/public/amsfonts/cm/cmbx12.pfb
></usr/local/texlive/2014/texmf-dist/fonts/type1/public/amsfonts/cm/cmmi10.pfb>
</usr/local/texlive/2014/texmf-dist/fonts/type1/public/amsfonts/cm/cmmi9.pfb></
usr/local/texlive/2014/texmf-dist/fonts/type1/public/amsfonts/cm/cmr10.pfb></us
r/local/texlive/2014/texmf-dist/fonts/type1/public/amsfonts/cm/cmr6.pfb></usr/l
ocal/texlive/2014/texmf-dist/fonts/type1/public/amsfonts/cm/cmr9.pfb>
Output written on show_plots.pdf (2 pages, 102792 bytes).
PDF statistics:
 197 PDF objects out of 1000 (max. 8388607)
 160 compressed objects within 2 object streams
 36 named destinations out of 1000 (max. 500000)
 142 words of extra memory for PDF output out of 10000 (max. 10000000)

